#
# There is insufficient memory for the Java Runtime Environment to continue.
# Native memory allocation (malloc) failed to allocate 1463632 bytes for Chunk::new
# Possible reasons:
#   The system is out of physical RAM or swap space
#   The process is running with CompressedOops enabled, and the Java Heap may be blocking the growth of the native heap
# Possible solutions:
#   Reduce memory load on the system
#   Increase physical memory or swap space
#   Check if swap backing store is full
#   Decrease Java heap size (-Xmx/-Xms)
#   Decrease number of Java threads
#   Decrease Java thread stack sizes (-Xss)
#   Set larger code cache with -XX:ReservedCodeCacheSize=
#   JVM is running with Unscaled Compressed Oops mode in which the Java heap is
#     placed in the first 4GB address space. The Java Heap base address is the
#     maximum limit for the native heap growth. Please use -XX:HeapBaseMinAddress
#     to set the Java Heap base and to place the Java Heap above 4GB virtual address.
# This output file may be truncated or incomplete.
#
#  Out of Memory Error (allocation.cpp:389), pid=744, tid=0x0000000000000fbc
#
# JRE version: Java(TM) SE Runtime Environment (8.0_241-b07) (build 1.8.0_241-b07)
# Java VM: Java HotSpot(TM) 64-Bit Server VM (25.241-b07 mixed mode windows-amd64 compressed oops)
# Failed to write core dump. Minidumps are not enabled by default on client versions of Windows
#

---------------  T H R E A D  ---------------

Current thread (0x0000000017ab2000):  JavaThread "C2 CompilerThread0" daemon [_thread_in_native, id=4028, stack(0x00000000190f0000,0x00000000191f0000)]

Stack: [0x00000000190f0000,0x00000000191f0000]
[error occurred during error reporting (printing stack bounds), id 0xc0000005]

Native frames: (J=compiled Java code, j=interpreted, Vv=VM code, C=native code)


Current CompileTask:
C2:   6511 2370   !   4       java.net.URLClassLoader$1::run (63 bytes)


---------------  P R O C E S S  ---------------

Java Threads: ( => current thread )
  0x000000001a3bd000 JavaThread "restartedMain" [_thread_in_Java, id=13124, stack(0x000000001b400000,0x000000001b500000)]
  0x000000001a3ba000 JavaThread "Thread-0" [_thread_blocked, id=10056, stack(0x000000001b300000,0x000000001b400000)]
  0x0000000019430000 JavaThread "Service Thread" daemon [_thread_blocked, id=10292, stack(0x00000000197f0000,0x00000000198f0000)]
  0x0000000017ac4800 JavaThread "C1 CompilerThread2" daemon [_thread_blocked, id=12380, stack(0x00000000192f0000,0x00000000193f0000)]
  0x0000000017ac0000 JavaThread "C2 CompilerThread1" daemon [_thread_in_native, id=5784, stack(0x00000000191f0000,0x00000000192f0000)]
=>0x0000000017ab2000 JavaThread "C2 CompilerThread0" daemon [_thread_in_native, id=4028, stack(0x00000000190f0000,0x00000000191f0000)]
  0x0000000017ab0800 JavaThread "Attach Listener" daemon [_thread_blocked, id=4468, stack(0x0000000018ff0000,0x00000000190f0000)]
  0x0000000017aad800 JavaThread "Signal Dispatcher" daemon [_thread_blocked, id=248, stack(0x0000000018ef0000,0x0000000018ff0000)]
  0x0000000002f6b000 JavaThread "Finalizer" daemon [_thread_blocked, id=2832, stack(0x0000000018cf0000,0x0000000018df0000)]
  0x0000000002f68000 JavaThread "Reference Handler" daemon [_thread_blocked, id=7784, stack(0x0000000018bf0000,0x0000000018cf0000)]
  0x0000000002e77800 JavaThread "main" [_thread_blocked, id=9600, stack(0x0000000002d50000,0x0000000002e50000)]

Other Threads:
  0x0000000017a67000 VMThread [stack: 0x0000000018af0000,0x0000000018bf0000] [id=13240]
  0x0000000017afd800 WatcherThread [stack: 0x00000000198f0000,0x00000000199f0000] [id=7528]

VM state:not at safepoint (normal execution)

VM Mutex/Monitor currently owned by a thread: None

heap address: 0x0000000081c00000, size: 2020 MB, Compressed Oops mode: 32-bit
Narrow klass base: 0x0000000000000000, Narrow klass shift: 3
Compressed class space size: 1073741824 Address: 0x0000000100000000

Heap:
 PSYoungGen      total 71680K, used 35645K [0x00000000d5f00000, 0x00000000daa00000, 0x0000000100000000)
  eden space 66560K, 46% used [0x00000000d5f00000,0x00000000d7cf4a00,0x00000000da000000)
  from space 5120K, 97% used [0x00000000da500000,0x00000000da9dab20,0x00000000daa00000)
  to   space 5120K, 0% used [0x00000000da000000,0x00000000da000000,0x00000000da500000)
 ParOldGen       total 54784K, used 5997K [0x0000000081c00000, 0x0000000085180000, 0x00000000d5f00000)
  object space 54784K, 10% used [0x0000000081c00000,0x00000000821db700,0x0000000085180000)
 Metaspace       used 24280K, capacity 25294K, committed 25472K, reserved 1071104K
  class space    used 3133K, capacity 3357K, committed 3456K, reserved 1048576K

Card table byte_map: [0x0000000012330000,0x0000000012730000] byte_map_base: 0x0000000011f22000

Marking Bits: (ParMarkBitMap*) 0x0000000064fbbe30
 Begin Bits: [0x0000000012de0000, 0x0000000014d70000)
 End Bits:   [0x0000000014d70000, 0x0000000016d00000)

Polling page: 0x0000000000eb0000

CodeCache: size=245760Kb used=8272Kb max_used=8272Kb free=237487Kb
 bounds [0x0000000002f70000, 0x0000000003790000, 0x0000000011f70000]
 total_blobs=2923 nmethods=2545 adapters=289
 compilation: enabled

Compilation events (10 events):
Event: 6.502 Thread 0x0000000017ac4800 2546   !   3       com.sun.proxy.$Proxy17::annotationType (29 bytes)
Event: 6.502 Thread 0x0000000017ac4800 nmethod 2546 0x0000000003785a10 code [0x0000000003785ba0, 0x0000000003785fd8]
Event: 6.502 Thread 0x0000000017ac4800 2547       3       org.springframework.context.annotation.AnnotationConfigUtils::attributesFor (9 bytes)
Event: 6.503 Thread 0x0000000017ac4800 nmethod 2547 0x0000000003786190 code [0x0000000003786380, 0x0000000003786d88]
Event: 6.503 Thread 0x0000000017ac4800 2548       3       java.util.LinkedHashMap$LinkedEntryIterator::next (5 bytes)
Event: 6.503 Thread 0x0000000017ac4800 nmethod 2548 0x0000000003787210 code [0x0000000003787380, 0x0000000003787668]
Event: 6.503 Thread 0x0000000017ac4800 2549       3       java.util.LinkedHashMap$LinkedEntryIterator::next (5 bytes)
Event: 6.503 Thread 0x0000000017ac4800 nmethod 2549 0x0000000003787710 code [0x0000000003787880, 0x0000000003787a88]
Event: 6.504 Thread 0x0000000017ac4800 2550       3       java.util.ArrayList::toArray (12 bytes)
Event: 6.504 Thread 0x0000000017ac4800 nmethod 2550 0x0000000003787b10 code [0x0000000003787c80, 0x0000000003787f28]

GC Heap History (10 events):
Event: 3.041 GC heap before
{Heap before GC invocations=3 (full 0):
 PSYoungGen      total 38400K, used 38369K [0x00000000d5f00000, 0x00000000daa00000, 0x0000000100000000)
  eden space 33280K, 100% used [0x00000000d5f00000,0x00000000d7f80000,0x00000000d7f80000)
  from space 5120K, 99% used [0x00000000d8480000,0x00000000d89784c8,0x00000000d8980000)
  to   space 5120K, 0% used [0x00000000d7f80000,0x00000000d7f80000,0x00000000d8480000)
 ParOldGen       total 87552K, used 2677K [0x0000000081c00000, 0x0000000087180000, 0x00000000d5f00000)
  object space 87552K, 3% used [0x0000000081c00000,0x0000000081e9d540,0x0000000087180000)
 Metaspace       used 13948K, capacity 14342K, committed 14464K, reserved 1062912K
  class space    used 1765K, capacity 1901K, committed 1920K, reserved 1048576K
Event: 3.048 GC heap after
Heap after GC invocations=3 (full 0):
 PSYoungGen      total 38400K, used 5095K [0x00000000d5f00000, 0x00000000daa00000, 0x0000000100000000)
  eden space 33280K, 0% used [0x00000000d5f00000,0x00000000d5f00000,0x00000000d7f80000)
  from space 5120K, 99% used [0x00000000d7f80000,0x00000000d8479d10,0x00000000d8480000)
  to   space 5120K, 0% used [0x00000000da500000,0x00000000da500000,0x00000000daa00000)
 ParOldGen       total 87552K, used 3591K [0x0000000081c00000, 0x0000000087180000, 0x00000000d5f00000)
  object space 87552K, 4% used [0x0000000081c00000,0x0000000081f81da8,0x0000000087180000)
 Metaspace       used 13948K, capacity 14342K, committed 14464K, reserved 1062912K
  class space    used 1765K, capacity 1901K, committed 1920K, reserved 1048576K
}
Event: 3.702 GC heap before
{Heap before GC invocations=4 (full 0):
 PSYoungGen      total 38400K, used 38375K [0x00000000d5f00000, 0x00000000daa00000, 0x0000000100000000)
  eden space 33280K, 100% used [0x00000000d5f00000,0x00000000d7f80000,0x00000000d7f80000)
  from space 5120K, 99% used [0x00000000d7f80000,0x00000000d8479d10,0x00000000d8480000)
  to   space 5120K, 0% used [0x00000000da500000,0x00000000da500000,0x00000000daa00000)
 ParOldGen       total 87552K, used 3591K [0x0000000081c00000, 0x0000000087180000, 0x00000000d5f00000)
  object space 87552K, 4% used [0x0000000081c00000,0x0000000081f81da8,0x0000000087180000)
 Metaspace       used 18770K, capacity 19316K, committed 19456K, reserved 1067008K
  class space    used 2392K, capacity 2538K, committed 2560K, reserved 1048576K
Event: 3.721 GC heap after
Heap after GC invocations=4 (full 0):
 PSYoungGen      total 71680K, used 5118K [0x00000000d5f00000, 0x00000000daa00000, 0x0000000100000000)
  eden space 66560K, 0% used [0x00000000d5f00000,0x00000000d5f00000,0x00000000da000000)
  from space 5120K, 99% used [0x00000000da500000,0x00000000da9ff820,0x00000000daa00000)
  to   space 5120K, 0% used [0x00000000da000000,0x00000000da000000,0x00000000da500000)
 ParOldGen       total 87552K, used 7124K [0x0000000081c00000, 0x0000000087180000, 0x00000000d5f00000)
  object space 87552K, 8% used [0x0000000081c00000,0x00000000822f5230,0x0000000087180000)
 Metaspace       used 18770K, capacity 19316K, committed 19456K, reserved 1067008K
  class space    used 2392K, capacity 2538K, committed 2560K, reserved 1048576K
}
Event: 4.213 GC heap before
{Heap before GC invocations=5 (full 0):
 PSYoungGen      total 71680K, used 25705K [0x00000000d5f00000, 0x00000000daa00000, 0x0000000100000000)
  eden space 66560K, 30% used [0x00000000d5f00000,0x00000000d731aea8,0x00000000da000000)
  from space 5120K, 99% used [0x00000000da500000,0x00000000da9ff820,0x00000000daa00000)
  to   space 5120K, 0% used [0x00000000da000000,0x00000000da000000,0x00000000da500000)
 ParOldGen       total 87552K, used 7124K [0x0000000081c00000, 0x0000000087180000, 0x00000000d5f00000)
  object space 87552K, 8% used [0x0000000081c00000,0x00000000822f5230,0x0000000087180000)
 Metaspace       used 20539K, capacity 21134K, committed 21296K, reserved 1067008K
  class space    used 2659K, capacity 2823K, committed 2944K, reserved 1048576K
Event: 4.225 GC heap after
Heap after GC invocations=5 (full 0):
 PSYoungGen      total 71680K, used 5114K [0x00000000d5f00000, 0x00000000daa00000, 0x0000000100000000)
  eden space 66560K, 0% used [0x00000000d5f00000,0x00000000d5f00000,0x00000000da000000)
  from space 5120K, 99% used [0x00000000da000000,0x00000000da4fe908,0x00000000da500000)
  to   space 5120K, 0% used [0x00000000da500000,0x00000000da500000,0x00000000daa00000)
 ParOldGen       total 87552K, used 8173K [0x0000000081c00000, 0x0000000087180000, 0x00000000d5f00000)
  object space 87552K, 9% used [0x0000000081c00000,0x00000000823fb5a0,0x0000000087180000)
 Metaspace       used 20539K, capacity 21134K, committed 21296K, reserved 1067008K
  class space    used 2659K, capacity 2823K, committed 2944K, reserved 1048576K
}
Event: 4.225 GC heap before
{Heap before GC invocations=6 (full 1):
 PSYoungGen      total 71680K, used 5114K [0x00000000d5f00000, 0x00000000daa00000, 0x0000000100000000)
  eden space 66560K, 0% used [0x00000000d5f00000,0x00000000d5f00000,0x00000000da000000)
  from space 5120K, 99% used [0x00000000da000000,0x00000000da4fe908,0x00000000da500000)
  to   space 5120K, 0% used [0x00000000da500000,0x00000000da500000,0x00000000daa00000)
 ParOldGen       total 87552K, used 8173K [0x0000000081c00000, 0x0000000087180000, 0x00000000d5f00000)
  object space 87552K, 9% used [0x0000000081c00000,0x00000000823fb5a0,0x0000000087180000)
 Metaspace       used 20539K, capacity 21134K, committed 21296K, reserved 1067008K
  class space    used 2659K, capacity 2823K, committed 2944K, reserved 1048576K
Event: 4.263 GC heap after
Heap after GC invocations=6 (full 1):
 PSYoungGen      total 71680K, used 0K [0x00000000d5f00000, 0x00000000daa00000, 0x0000000100000000)
  eden space 66560K, 0% used [0x00000000d5f00000,0x00000000d5f00000,0x00000000da000000)
  from space 5120K, 0% used [0x00000000da000000,0x00000000da000000,0x00000000da500000)
  to   space 5120K, 0% used [0x00000000da500000,0x00000000da500000,0x00000000daa00000)
 ParOldGen       total 54784K, used 5989K [0x0000000081c00000, 0x0000000085180000, 0x00000000d5f00000)
  object space 54784K, 10% used [0x0000000081c00000,0x00000000821d9700,0x0000000085180000)
 Metaspace       used 20537K, capacity 21128K, committed 21296K, reserved 1067008K
  class space    used 2658K, capacity 2822K, committed 2944K, reserved 1048576K
}
Event: 5.982 GC heap before
{Heap before GC invocations=7 (full 1):
 PSYoungGen      total 71680K, used 66560K [0x00000000d5f00000, 0x00000000daa00000, 0x0000000100000000)
  eden space 66560K, 100% used [0x00000000d5f00000,0x00000000da000000,0x00000000da000000)
  from space 5120K, 0% used [0x00000000da000000,0x00000000da000000,0x00000000da500000)
  to   space 5120K, 0% used [0x00000000da500000,0x00000000da500000,0x00000000daa00000)
 ParOldGen       total 54784K, used 5989K [0x0000000081c00000, 0x0000000085180000, 0x00000000d5f00000)
  object space 54784K, 10% used [0x0000000081c00000,0x00000000821d9700,0x0000000085180000)
 Metaspace       used 23719K, capacity 24654K, committed 24832K, reserved 1071104K
  class space    used 3076K, capacity 3287K, committed 3328K, reserved 1048576K
Event: 5.987 GC heap after
Heap after GC invocations=7 (full 1):
 PSYoungGen      total 71680K, used 4970K [0x00000000d5f00000, 0x00000000daa00000, 0x0000000100000000)
  eden space 66560K, 0% used [0x00000000d5f00000,0x00000000d5f00000,0x00000000da000000)
  from space 5120K, 97% used [0x00000000da500000,0x00000000da9dab20,0x00000000daa00000)
  to   space 5120K, 0% used [0x00000000da000000,0x00000000da000000,0x00000000da500000)
 ParOldGen       total 54784K, used 5997K [0x0000000081c00000, 0x0000000085180000, 0x00000000d5f00000)
  object space 54784K, 10% used [0x0000000081c00000,0x00000000821db700,0x0000000085180000)
 Metaspace       used 23719K, capacity 24654K, committed 24832K, reserved 1071104K
  class space    used 3076K, capacity 3287K, committed 3328K, reserved 1048576K
}

Deoptimization events (10 events):
Event: 5.069 Thread 0x000000001a3bd000 Uncommon trap: reason=unstable_if action=reinterpret pc=0x000000000350f1a8 method=org.springframework.boot.context.properties.source.ConfigurationPropertyName$ElementsParser.updateType(Lorg/springframework/boot/context/properties/source/ConfigurationPrope
Event: 5.113 Thread 0x000000001a3bd000 Uncommon trap: reason=unstable_if action=reinterpret pc=0x000000000342d024 method=java.net.URL.<init>(Ljava/net/URL;Ljava/lang/String;Ljava/net/URLStreamHandler;)V @ 347
Event: 5.158 Thread 0x000000001a3bd000 Uncommon trap: reason=bimorphic action=maybe_recompile pc=0x000000000347ee9c method=java.util.HashMap.putVal(ILjava/lang/Object;Ljava/lang/Object;ZZ)Ljava/lang/Object; @ 203
Event: 5.197 Thread 0x000000001a3bd000 Uncommon trap: reason=unstable_if action=reinterpret pc=0x00000000031d0730 method=java.io.WinNTFileSystem.normalize(Ljava/lang/String;)Ljava/lang/String; @ 128
Event: 5.308 Thread 0x000000001a3bd000 Uncommon trap: reason=unstable_if action=reinterpret pc=0x00000000034120ac method=java.util.Hashtable$Enumerator.nextElement()Ljava/lang/Object; @ 71
Event: 5.325 Thread 0x000000001a3bd000 Uncommon trap: reason=unstable_if action=reinterpret pc=0x000000000352f680 method=org.springframework.boot.context.properties.source.ConfigurationPropertyName$ElementType.allowsFastEqualityCheck()Z @ 11
Event: 5.640 Thread 0x000000001a3bd000 Uncommon trap: reason=bimorphic action=maybe_recompile pc=0x000000000347ee9c method=java.util.HashMap.putVal(ILjava/lang/Object;Ljava/lang/Object;ZZ)Ljava/lang/Object; @ 203
Event: 5.642 Thread 0x000000001a3bd000 Uncommon trap: reason=bimorphic action=maybe_recompile pc=0x000000000347ee9c method=java.util.HashMap.putVal(ILjava/lang/Object;Ljava/lang/Object;ZZ)Ljava/lang/Object; @ 203
Event: 5.666 Thread 0x000000001a3bd000 Uncommon trap: reason=bimorphic action=maybe_recompile pc=0x000000000347ee9c method=java.util.HashMap.putVal(ILjava/lang/Object;Ljava/lang/Object;ZZ)Ljava/lang/Object; @ 203
Event: 6.445 Thread 0x000000001a3bd000 Uncommon trap: reason=unstable_if action=reinterpret pc=0x0000000003248abc method=java.net.URI.match(CJJ)Z @ 45

Classes redefined (0 events):
No events

Internal exceptions (10 events):
Event: 4.163 Thread 0x000000001a3bd000 Exception <a 'java/lang/ClassNotFoundException': org/springframework/beans/factory/AwareCustomizer> (0x00000000d705f6c0) thrown at [C:\ade\jenkins\workspace\8-2-build-windows-amd64-cygwin\jdk8u241\331\hotspot\src\share\vm\classfile\systemDictionary.cpp, l
Event: 4.163 Thread 0x000000001a3bd000 Exception <a 'java/lang/ClassNotFoundException': org/springframework/beans/factory/BeanClassLoaderAwareCustomizer> (0x00000000d7080d38) thrown at [C:\ade\jenkins\workspace\8-2-build-windows-amd64-cygwin\jdk8u241\331\hotspot\src\share\vm\classfile\systemDi
Event: 4.164 Thread 0x000000001a3bd000 Exception <a 'java/lang/ClassNotFoundException': org/springframework/beans/factory/AwareCustomizer> (0x00000000d709d490) thrown at [C:\ade\jenkins\workspace\8-2-build-windows-amd64-cygwin\jdk8u241\331\hotspot\src\share\vm\classfile\systemDictionary.cpp, l
Event: 4.164 Thread 0x000000001a3bd000 Exception <a 'java/lang/ClassNotFoundException': org/springframework/context/EnvironmentAwareCustomizer> (0x00000000d70ba9e0) thrown at [C:\ade\jenkins\workspace\8-2-build-windows-amd64-cygwin\jdk8u241\331\hotspot\src\share\vm\classfile\systemDictionary.c
Event: 4.165 Thread 0x000000001a3bd000 Exception <a 'java/lang/ClassNotFoundException': org/springframework/beans/factory/AwareCustomizer> (0x00000000d70d7000) thrown at [C:\ade\jenkins\workspace\8-2-build-windows-amd64-cygwin\jdk8u241\331\hotspot\src\share\vm\classfile\systemDictionary.cpp, l
Event: 4.327 Thread 0x000000001a3bd000 Exception <a 'java/lang/NoSuchMethodError': java.lang.Object.lambda$getAllAnnotationAttributes$0(Lorg/springframework/util/MultiValueMap;)Lorg/springframework/util/MultiValueMap;> (0x00000000d63b1290) thrown at [C:\ade\jenkins\workspace\8-2-build-windows-
Event: 4.328 Thread 0x000000001a3bd000 Exception <a 'java/lang/NoSuchMethodError': java.lang.Object.lambda$identity$2(Ljava/lang/Object;)Ljava/lang/Object;> (0x00000000d63cbc88) thrown at [C:\ade\jenkins\workspace\8-2-build-windows-amd64-cygwin\jdk8u241\331\hotspot\src\share\vm\interpreter\lin
Event: 5.130 Thread 0x000000001a3bd000 Exception <a 'java/lang/NoClassDefFoundError': org/springframework/jdbc/CannotGetJdbcConnectionException> (0x00000000d75a03f8) thrown at [C:\ade\jenkins\workspace\8-2-build-windows-amd64-cygwin\jdk8u241\331\hotspot\src\share\vm\classfile\systemDictionary.
Event: 5.200 Thread 0x000000001a3bd000 Exception <a 'java/lang/NoSuchMethodError': java.lang.Object.lambda$comparing$77a9974f$1(Ljava/util/function/Function;Ljava/lang/Object;Ljava/lang/Object;)I> (0x00000000d78e79c8) thrown at [C:\ade\jenkins\workspace\8-2-build-windows-amd64-cygwin\jdk8u241\
Event: 5.519 Thread 0x000000001a3bd000 Exception <a 'java/lang/IncompatibleClassChangeError': Found class java.lang.Object, but interface was expected> (0x00000000d861e980) thrown at [C:\ade\jenkins\workspace\8-2-build-windows-amd64-cygwin\jdk8u241\331\hotspot\src\share\vm\interpreter\linkReso

Events (10 events):
Event: 6.496 loading class org/springframework/boot/autoconfigure/http/HttpProperties
Event: 6.496 loading class org/springframework/boot/autoconfigure/http/HttpProperties done
Event: 6.497 loading class org/springframework/boot/autoconfigure/web/servlet/WebMvcProperties
Event: 6.497 loading class org/springframework/boot/autoconfigure/web/servlet/WebMvcProperties done
Event: 6.499 loading class org/springframework/boot/autoconfigure/web/servlet/DispatcherServletAutoConfiguration$DispatcherServletConfiguration
Event: 6.499 loading class org/springframework/boot/autoconfigure/web/servlet/DispatcherServletAutoConfiguration$DispatcherServletConfiguration done
Event: 6.501 loading class org/springframework/boot/autoconfigure/web/servlet/DispatcherServletAutoConfiguration$DispatcherServletRegistrationConfiguration
Event: 6.501 loading class org/springframework/boot/autoconfigure/web/servlet/DispatcherServletAutoConfiguration$DispatcherServletRegistrationConfiguration done
Event: 6.505 loading class org/springframework/boot/autoconfigure/task/TaskExecutionProperties
Event: 6.505 loading class org/springframework/boot/autoconfigure/task/TaskExecutionProperties done


Dynamic libraries:
0x00007ff706920000 - 0x00007ff706957000 	C:\Program Files\Java\jdk1.8.0_241\bin\javaw.exe
0x00007ffe73760000 - 0x00007ffe73950000 	C:\Windows\SYSTEM32\ntdll.dll
0x00007ffe734a0000 - 0x00007ffe73552000 	C:\Windows\System32\KERNEL32.DLL
0x00007ffe708f0000 - 0x00007ffe70b93000 	C:\Windows\System32\KERNELBASE.dll
0x00007ffe71f70000 - 0x00007ffe72013000 	C:\Windows\System32\ADVAPI32.dll
0x00007ffe73150000 - 0x00007ffe731ee000 	C:\Windows\System32\msvcrt.dll
0x00007ffe71820000 - 0x00007ffe718b7000 	C:\Windows\System32\sechost.dll
0x00007ffe719b0000 - 0x00007ffe71ad0000 	C:\Windows\System32\RPCRT4.dll
0x00007ffe73560000 - 0x00007ffe736f4000 	C:\Windows\System32\USER32.dll
0x00007ffe713f0000 - 0x00007ffe71411000 	C:\Windows\System32\win32u.dll
0x00007ffe731f0000 - 0x00007ffe73216000 	C:\Windows\System32\GDI32.dll
0x00007ffe71520000 - 0x00007ffe716b4000 	C:\Windows\System32\gdi32full.dll
0x00007ffe70bd0000 - 0x00007ffe70c6e000 	C:\Windows\System32\msvcp_win.dll
0x00007ffe707f0000 - 0x00007ffe708ea000 	C:\Windows\System32\ucrtbase.dll
0x00007ffe57180000 - 0x00007ffe57405000 	C:\Windows\WinSxS\amd64_microsoft.windows.common-controls_6595b64144ccf1df_6.0.18362.657_none_e6c5b579130e3898\COMCTL32.dll
0x00007ffe72200000 - 0x00007ffe72536000 	C:\Windows\System32\combase.dll
0x00007ffe70770000 - 0x00007ffe707f0000 	C:\Windows\System32\bcryptPrimitives.dll
0x00007ffe71ad0000 - 0x00007ffe71afe000 	C:\Windows\System32\IMM32.DLL
0x0000000064530000 - 0x0000000064602000 	C:\Program Files\Java\jdk1.8.0_241\jre\bin\msvcr100.dll
0x0000000064790000 - 0x000000006503c000 	C:\Program Files\Java\jdk1.8.0_241\jre\bin\server\jvm.dll
0x00007ffe73700000 - 0x00007ffe73708000 	C:\Windows\System32\PSAPI.DLL
0x00007ffe6e5a0000 - 0x00007ffe6e5c4000 	C:\Windows\SYSTEM32\WINMM.dll
0x00007ffe69150000 - 0x00007ffe69159000 	C:\Windows\SYSTEM32\WSOCK32.dll
0x00007ffe62360000 - 0x00007ffe6236a000 	C:\Windows\SYSTEM32\VERSION.dll
0x00007ffe72020000 - 0x00007ffe7208f000 	C:\Windows\System32\WS2_32.dll
0x00007ffe6e200000 - 0x00007ffe6e22d000 	C:\Windows\SYSTEM32\WINMMBASE.dll
0x00007ffe714d0000 - 0x00007ffe7151a000 	C:\Windows\System32\cfgmgr32.dll
0x00007ffe69140000 - 0x00007ffe6914f000 	C:\Program Files\Java\jdk1.8.0_241\jre\bin\verify.dll
0x00007ffe56cd0000 - 0x00007ffe56cf9000 	C:\Program Files\Java\jdk1.8.0_241\jre\bin\java.dll
0x00007ffe3bbd0000 - 0x00007ffe3bbe6000 	C:\Program Files\Java\jdk1.8.0_241\jre\bin\zip.dll
0x00007ffe72540000 - 0x00007ffe72c25000 	C:\Windows\System32\SHELL32.dll
0x00007ffe73220000 - 0x00007ffe732c9000 	C:\Windows\System32\shcore.dll
0x00007ffe70c70000 - 0x00007ffe713ef000 	C:\Windows\System32\windows.storage.dll
0x00007ffe70640000 - 0x00007ffe7065f000 	C:\Windows\System32\profapi.dll
0x00007ffe706a0000 - 0x00007ffe706ea000 	C:\Windows\System32\powrprof.dll
0x00007ffe70630000 - 0x00007ffe70640000 	C:\Windows\System32\UMPDC.dll
0x00007ffe721a0000 - 0x00007ffe721f2000 	C:\Windows\System32\shlwapi.dll
0x00007ffe70680000 - 0x00007ffe70691000 	C:\Windows\System32\kernel.appcore.dll
0x00007ffe70750000 - 0x00007ffe70767000 	C:\Windows\System32\cryptsp.dll
0x00007ffe3afe0000 - 0x00007ffe3affa000 	C:\Program Files\Java\jdk1.8.0_241\jre\bin\net.dll
0x00007ffe6fe50000 - 0x00007ffe6feb7000 	C:\Windows\system32\mswsock.dll
0x00007ffe6fb70000 - 0x00007ffe6fbaa000 	C:\Windows\SYSTEM32\IPHLPAPI.DLL
0x00007ffe73710000 - 0x00007ffe73718000 	C:\Windows\System32\NSI.dll
0x00007ffe67eb0000 - 0x00007ffe67ec6000 	C:\Windows\SYSTEM32\dhcpcsvc6.DLL
0x00007ffe67e90000 - 0x00007ffe67eac000 	C:\Windows\SYSTEM32\dhcpcsvc.DLL
0x00007ffe6fbb0000 - 0x00007ffe6fc7a000 	C:\Windows\SYSTEM32\DNSAPI.dll
0x00007ffe66870000 - 0x00007ffe6687a000 	C:\Windows\System32\rasadhlp.dll
0x00007ffe67c70000 - 0x00007ffe67ce7000 	C:\Windows\System32\fwpuclnt.dll
0x00007ffe70ba0000 - 0x00007ffe70bc6000 	C:\Windows\System32\bcrypt.dll
0x00007ffe6cd70000 - 0x00007ffe6cd7d000 	C:\Program Files\Java\jdk1.8.0_241\jre\bin\management.dll
0x00007ffe52f50000 - 0x00007ffe52f66000 	C:\Windows\system32\napinsp.dll
0x00007ffe52f70000 - 0x00007ffe52f8a000 	C:\Windows\system32\pnrpnsp.dll
0x00007ffe68a60000 - 0x00007ffe68a6e000 	C:\Windows\System32\winrnr.dll
0x00007ffe6cd20000 - 0x00007ffe6cd3c000 	C:\Windows\system32\NLAapi.dll
0x00007ffe4f1d0000 - 0x00007ffe4f1e5000 	C:\Windows\system32\wshbth.dll
0x00007ffe68aa0000 - 0x00007ffe68ab2000 	C:\Program Files\Java\jdk1.8.0_241\jre\bin\nio.dll

VM Arguments:
jvm_args: -Dfile.encoding=UTF-8 
java_command: com.pixogram.mediaplumbing.MediaplumbingApplication
java_class_path (initial): E:\pixogram\mediaplumbing\target\classes;C:\Users\dell\.m2\repository\org\springframework\boot\spring-boot-starter-web\2.2.5.RELEASE\spring-boot-starter-web-2.2.5.RELEASE.jar;C:\Users\dell\.m2\repository\org\springframework\boot\spring-boot-starter\2.2.5.RELEASE\spring-boot-starter-2.2.5.RELEASE.jar;C:\Users\dell\.m2\repository\org\springframework\boot\spring-boot-starter-logging\2.2.5.RELEASE\spring-boot-starter-logging-2.2.5.RELEASE.jar;C:\Users\dell\.m2\repository\ch\qos\logback\logback-classic\1.2.3\logback-classic-1.2.3.jar;C:\Users\dell\.m2\repository\ch\qos\logback\logback-core\1.2.3\logback-core-1.2.3.jar;C:\Users\dell\.m2\repository\org\apache\logging\log4j\log4j-to-slf4j\2.12.1\log4j-to-slf4j-2.12.1.jar;C:\Users\dell\.m2\repository\org\apache\logging\log4j\log4j-api\2.12.1\log4j-api-2.12.1.jar;C:\Users\dell\.m2\repository\org\slf4j\jul-to-slf4j\1.7.30\jul-to-slf4j-1.7.30.jar;C:\Users\dell\.m2\repository\jakarta\annotation\jakarta.annotation-api\1.3.5\jakarta.annotation-api-1.3.5.jar;C:\Users\dell\.m2\repository\org\yaml\snakeyaml\1.25\snakeyaml-1.25.jar;C:\Users\dell\.m2\repository\org\springframework\boot\spring-boot-starter-json\2.2.5.RELEASE\spring-boot-starter-json-2.2.5.RELEASE.jar;C:\Users\dell\.m2\repository\com\fasterxml\jackson\core\jackson-databind\2.10.2\jackson-databind-2.10.2.jar;C:\Users\dell\.m2\repository\com\fasterxml\jackson\datatype\jackson-datatype-jdk8\2.10.2\jackson-datatype-jdk8-2.10.2.jar;C:\Users\dell\.m2\repository\com\fasterxml\jackson\datatype\jackson-datatype-jsr310\2.10.2\jackson-datatype-jsr310-2.10.2.jar;C:\Users\dell\.m2\repository\com\fasterxml\jackson\module\jackson-module-parameter-names\2.10.2\jackson-module-parameter-names-2.10.2.jar;C:\Users\dell\.m2\repository\org\springframework\boot\spring-boot-starter-tomcat\2.2.5.RELEASE\spring-boot-starter-tomcat-2.2.5.RELEASE.jar;C:\Users\dell\.m2\repository\org\apache\tomcat\embed\tomcat-embed-core\9.0.31\tomcat-embed-core-9.0.31.jar;C:\Users\dell\
Launcher Type: SUN_STANDARD

Environment Variables:
JAVA_HOME=C:\Program Files\Java\jdk1.8.0_241
PATH=C:/Program Files/Java/jdk1.8.0_241/bin/../jre/bin/server;C:/Program Files/Java/jdk1.8.0_241/bin/../jre/bin;C:/Program Files/Java/jdk1.8.0_241/bin/../jre/lib/amd64;C:\Windows\system32;C:\Windows;C:\Windows\System32\Wbem;C:\Windows\System32\WindowsPowerShell\v1.0\;C:\Windows\System32\OpenSSH\;C:\Program Files\nodejs\;C:\Program Files\Docker\Docker\resources\bin;C:\ProgramData\DockerDesktop\version-bin;C:\Program Files\Java\jdk1.8.0_241\bin;.;C:\Users\dell\AppData\Roaming\npm;E:\Microsoft VS Code\bin;E:\Java Software\Eclipse\eclipse-jee-2019-12-R-win32-x86_64\eclipse;
USERNAME=dell
OS=Windows_NT
PROCESSOR_IDENTIFIER=Intel64 Family 6 Model 42 Stepping 7, GenuineIntel



---------------  S Y S T E M  ---------------

OS: Windows 10.0 , 64 bit Build 18362 (10.0.18362.329)

CPU:total 4 (initial active 4) (2 cores per cpu, 2 threads per core) family 6 model 42 stepping 7, cmov, cx8, fxsr, mmx, sse, sse2, sse3, ssse3, sse4.1, sse4.2, popcnt, avx, aes, clmul, ht, tsc, tscinvbit

Memory: 4k page, physical 8266800k(195964k free), swap 33432624k(6444k free)

vm_info: Java HotSpot(TM) 64-Bit Server VM (25.241-b07) for windows-amd64 JRE (1.8.0_241-b07), built on Dec 11 2019 10:21:40 by "rejava" with MS VC++ 10.0 (VS2010)

time: Tue Mar 03 16:53:35 2020
timezone: India Standard Time
elapsed time: 6 seconds (0d 0h 0m 6s)

